{
  "/Users/user/Linkora-social/apps/mobile/context/WalletContext.tsx": {
    "path": "/Users/user/Linkora-social/apps/mobile/context/WalletContext.tsx",
    "statementMap": {
      "0": { "start": { "line": 84, "column": 14 }, "end": { "line": 85, "column": 9 } },
      "1": { "start": { "line": 86, "column": 20 }, "end": { "line": 86, "column": 61 } },
      "2": { "start": { "line": 88, "column": 34 }, "end": { "line": 88, "column": 76 } },
      "3": { "start": { "line": 89, "column": 67 }, "end": { "line": 89, "column": 71 } },
      "4": { "start": { "line": 90, "column": 29 }, "end": { "line": 90, "column": 33 } },
      "5": { "start": { "line": 91, "column": 38 }, "end": { "line": 91, "column": 42 } },
      "6": { "start": { "line": 92, "column": 47 }, "end": { "line": 92, "column": 51 } },
      "7": { "start": { "line": 94, "column": 37 }, "end": { "line": 182, "column": 3 } },
      "8": { "start": { "line": 96, "column": 6 }, "end": { "line": 98, "column": 7 } },
      "9": { "start": { "line": 97, "column": 8 }, "end": { "line": 97, "column": 67 } },
      "10": { "start": { "line": 100, "column": 6 }, "end": { "line": 110, "column": 12 } },
      "11": { "start": { "line": 112, "column": 32 }, "end": { "line": 120, "column": 8 } },
      "12": { "start": { "line": 122, "column": 6 }, "end": { "line": 122, "column": 42 } },
      "13": { "start": { "line": 122, "column": 15 }, "end": { "line": 122, "column": 42 } },
      "14": { "start": { "line": 124, "column": 22 }, "end": { "line": 124, "column": 38 } },
      "15": { "start": { "line": 125, "column": 6 }, "end": { "line": 125, "column": 28 } },
      "16": { "start": { "line": 126, "column": 22 }, "end": { "line": 126, "column": 63 } },
      "17": { "start": { "line": 127, "column": 6 }, "end": { "line": 127, "column": 57 } },
      "18": { "start": { "line": 128, "column": 6 }, "end": { "line": 128, "column": 33 } },
      "19": { "start": { "line": 130, "column": 6 }, "end": { "line": 130, "column": 93 } },
      "20": { "start": { "line": 130, "column": 27 }, "end": { "line": 130, "column": 93 } },
      "21": { "start": { "line": 132, "column": 6 }, "end": { "line": 132, "column": 43 } },
      "22": { "start": { "line": 136, "column": 6 }, "end": { "line": 138, "column": 7 } },
      "23": { "start": { "line": 137, "column": 8 }, "end": { "line": 137, "column": 97 } },
      "24": { "start": { "line": 139, "column": 6 }, "end": { "line": 139, "column": 19 } },
      "25": { "start": { "line": 140, "column": 6 }, "end": { "line": 140, "column": 28 } },
      "26": { "start": { "line": 141, "column": 6 }, "end": { "line": 141, "column": 30 } },
      "27": { "start": { "line": 145, "column": 6 }, "end": { "line": 145, "column": 77 } },
      "28": { "start": { "line": 145, "column": 27 }, "end": { "line": 145, "column": 77 } },
      "29": { "start": { "line": 146, "column": 6 }, "end": { "line": 146, "column": 28 } },
      "30": { "start": { "line": 150, "column": 6 }, "end": { "line": 150, "column": 37 } },
      "31": { "start": { "line": 154, "column": 6 }, "end": { "line": 154, "column": 90 } },
      "32": { "start": { "line": 154, "column": 50 }, "end": { "line": 154, "column": 90 } },
      "33": { "start": { "line": 156, "column": 22 }, "end": { "line": 164, "column": 42 } },
      "34": { "start": { "line": 166, "column": 18 }, "end": { "line": 166, "column": 87 } },
      "35": { "start": { "line": 167, "column": 6 }, "end": { "line": 167, "column": 37 } },
      "36": { "start": { "line": 171, "column": 21 }, "end": { "line": 171, "column": 63 } },
      "37": { "start": { "line": 172, "column": 24 }, "end": { "line": 172, "column": 82 } },
      "38": { "start": { "line": 173, "column": 6 }, "end": { "line": 173, "column": 86 } },
      "39": { "start": { "line": 173, "column": 22 }, "end": { "line": 173, "column": 86 } },
      "40": { "start": { "line": 175, "column": 22 }, "end": { "line": 175, "column": 58 } },
      "41": { "start": { "line": 176, "column": 21 }, "end": { "line": 176, "column": 77 } },
      "42": { "start": { "line": 177, "column": 24 }, "end": { "line": 179, "column": 7 } },
      "43": { "start": { "line": 180, "column": 6 }, "end": { "line": 180, "column": 23 } },
      "44": { "start": { "line": 184, "column": 2 }, "end": { "line": 184, "column": 17 } },
      "45": { "start": { "line": 203, "column": 22 }, "end": { "line": 203, "column": 67 } },
      "46": { "start": { "line": 206, "column": 39 }, "end": { "line": 206, "column": 58 } },
      "47": { "start": { "line": 207, "column": 28 }, "end": { "line": 207, "column": 60 } },
      "48": { "start": { "line": 208, "column": 32 }, "end": { "line": 208, "column": 66 } },
      "49": { "start": { "line": 209, "column": 30 }, "end": { "line": 213, "column": 4 } },
      "50": { "start": { "line": 214, "column": 28 }, "end": { "line": 214, "column": 57 } },
      "51": { "start": { "line": 216, "column": 36 }, "end": { "line": 218, "column": 3 } },
      "52": { "start": { "line": 217, "column": 10 }, "end": { "line": 217, "column": 51 } },
      "53": { "start": { "line": 220, "column": 2 }, "end": { "line": 249, "column": 9 } },
      "54": { "start": { "line": 221, "column": 20 }, "end": { "line": 221, "column": 25 } },
      "55": { "start": { "line": 223, "column": 17 }, "end": { "line": 243, "column": 5 } },
      "56": { "start": { "line": 224, "column": 6 }, "end": { "line": 242, "column": 7 } },
      "57": { "start": { "line": 225, "column": 8 }, "end": { "line": 228, "column": 9 } },
      "58": { "start": { "line": 226, "column": 10 }, "end": { "line": 226, "column": 58 } },
      "59": { "start": { "line": 227, "column": 10 }, "end": { "line": 227, "column": 17 } },
      "60": { "start": { "line": 230, "column": 8 }, "end": { "line": 236, "column": 9 } },
      "61": { "start": { "line": 231, "column": 26 }, "end": { "line": 231, "column": 60 } },
      "62": { "start": { "line": 234, "column": 10 }, "end": { "line": 234, "column": 73 } },
      "63": { "start": { "line": 235, "column": 10 }, "end": { "line": 235, "column": 32 } },
      "64": { "start": { "line": 238, "column": 8 }, "end": { "line": 241, "column": 9 } },
      "65": { "start": { "line": 239, "column": 10 }, "end": { "line": 239, "column": 28 } },
      "66": { "start": { "line": 240, "column": 10 }, "end": { "line": 240, "column": 47 } },
      "67": { "start": { "line": 245, "column": 4 }, "end": { "line": 245, "column": 11 } },
      "68": { "start": { "line": 246, "column": 4 }, "end": { "line": 248, "column": 6 } },
      "69": { "start": { "line": 247, "column": 6 }, "end": { "line": 247, "column": 23 } },
      "70": { "start": { "line": 251, "column": 29 }, "end": { "line": 256, "column": 8 } },
      "71": { "start": { "line": 252, "column": 19 }, "end": { "line": 254, "column": 41 } },
      "72": { "start": { "line": 255, "column": 4 }, "end": { "line": 255, "column": 44 } },
      "73": { "start": { "line": 258, "column": 34 }, "end": { "line": 298, "column": 26 } },
      "74": { "start": { "line": 259, "column": 22 }, "end": { "line": 259, "column": 48 } },
      "75": { "start": { "line": 262, "column": 6 }, "end": { "line": 262, "column": 88 } },
      "76": { "start": { "line": 264, "column": 4 }, "end": { "line": 264, "column": 66 } },
      "77": { "start": { "line": 264, "column": 20 }, "end": { "line": 264, "column": 66 } },
      "78": { "start": { "line": 266, "column": 4 }, "end": { "line": 277, "column": 5 } },
      "79": { "start": { "line": 267, "column": 21 }, "end": { "line": 267, "column": 52 } },
      "80": { "start": { "line": 268, "column": 6 }, "end": { "line": 268, "column": 52 } },
      "81": { "start": { "line": 268, "column": 38 }, "end": { "line": 268, "column": 52 } },
      "82": { "start": { "line": 269, "column": 6 }, "end": { "line": 276, "column": 7 } },
      "83": { "start": { "line": 275, "column": 8 }, "end": { "line": 275, "column": 30 } },
      "84": { "start": { "line": 279, "column": 4 }, "end": { "line": 282, "column": 5 } },
      "85": { "start": { "line": 280, "column": 24 }, "end": { "line": 280, "column": 54 } },
      "86": { "start": { "line": 281, "column": 6 }, "end": { "line": 281, "column": 58 } },
      "87": { "start": { "line": 281, "column": 41 }, "end": { "line": 281, "column": 58 } },
      "88": { "start": { "line": 284, "column": 4 }, "end": { "line": 295, "column": 5 } },
      "89": { "start": { "line": 285, "column": 21 }, "end": { "line": 285, "column": 49 } },
      "90": { "start": { "line": 286, "column": 6 }, "end": { "line": 286, "column": 52 } },
      "91": { "start": { "line": 286, "column": 38 }, "end": { "line": 286, "column": 52 } },
      "92": { "start": { "line": 287, "column": 6 }, "end": { "line": 294, "column": 7 } },
      "93": { "start": { "line": 293, "column": 8 }, "end": { "line": 293, "column": 30 } },
      "94": { "start": { "line": 297, "column": 4 }, "end": { "line": 297, "column": 58 } },
      "95": { "start": { "line": 300, "column": 31 }, "end": { "line": 340, "column": 37 } },
      "96": { "start": { "line": 301, "column": 4 }, "end": { "line": 301, "column": 27 } },
      "97": { "start": { "line": 301, "column": 20 }, "end": { "line": 301, "column": 27 } },
      "98": { "start": { "line": 303, "column": 4 }, "end": { "line": 339, "column": 5 } },
      "99": { "start": { "line": 304, "column": 6 }, "end": { "line": 304, "column": 26 } },
      "100": { "start": { "line": 305, "column": 6 }, "end": { "line": 305, "column": 21 } },
      "101": { "start": { "line": 307, "column": 28 }, "end": { "line": 307, "column": 52 } },
      "102": { "start": { "line": 308, "column": 25 }, "end": { "line": 308, "column": 51 } },
      "103": { "start": { "line": 310, "column": 6 }, "end": { "line": 332, "column": 7 } },
      "104": { "start": { "line": 311, "column": 37 }, "end": { "line": 313, "column": 34 } },
      "105": { "start": { "line": 315, "column": 8 }, "end": { "line": 329, "column": 9 } },
      "106": { "start": { "line": 316, "column": 41 }, "end": { "line": 318, "column": 27 } },
      "107": { "start": { "line": 320, "column": 10 }, "end": { "line": 328, "column": 11 } },
      "108": { "start": { "line": 321, "column": 12 }, "end": { "line": 325, "column": 15 } },
      "109": { "start": { "line": 326, "column": 12 }, "end": { "line": 326, "column": 34 } },
      "110": { "start": { "line": 327, "column": 12 }, "end": { "line": 327, "column": 19 } },
      "111": { "start": { "line": 331, "column": 8 }, "end": { "line": 331, "column": 76 } },
      "112": { "start": { "line": 334, "column": 6 }, "end": { "line": 334, "column": 31 } },
      "113": { "start": { "line": 335, "column": 6 }, "end": { "line": 335, "column": 66 } },
      "114": { "start": { "line": 337, "column": 6 }, "end": { "line": 337, "column": 24 } },
      "115": { "start": { "line": 338, "column": 6 }, "end": { "line": 338, "column": 69 } },
      "116": { "start": { "line": 342, "column": 2 }, "end": { "line": 344, "column": 40 } },
      "117": { "start": { "line": 343, "column": 4 }, "end": { "line": 343, "column": 42 } },
      "118": { "start": { "line": 343, "column": 19 }, "end": { "line": 343, "column": 42 } },
      "119": { "start": { "line": 346, "column": 18 }, "end": { "line": 386, "column": 3 } },
      "120": { "start": { "line": 348, "column": 6 }, "end": { "line": 383, "column": 7 } },
      "121": { "start": { "line": 349, "column": 8 }, "end": { "line": 349, "column": 31 } },
      "122": { "start": { "line": 350, "column": 8 }, "end": { "line": 350, "column": 23 } },
      "123": { "start": { "line": 352, "column": 37 }, "end": { "line": 352, "column": 41 } },
      "124": { "start": { "line": 354, "column": 8 }, "end": { "line": 366, "column": 9 } },
      "125": { "start": { "line": 355, "column": 10 }, "end": { "line": 355, "column": 52 } },
      "126": { "start": { "line": 357, "column": 10 }, "end": { "line": 357, "column": 76 } },
      "127": { "start": { "line": 357, "column": 26 }, "end": { "line": 357, "column": 76 } },
      "128": { "start": { "line": 360, "column": 12 }, "end": { "line": 360, "column": 52 } },
      "129": { "start": { "line": 361, "column": 10 }, "end": { "line": 361, "column": 63 } },
      "130": { "start": { "line": 363, "column": 10 }, "end": { "line": 365, "column": 11 } },
      "131": { "start": { "line": 364, "column": 12 }, "end": { "line": 364, "column": 53 } },
      "132": { "start": { "line": 368, "column": 8 }, "end": { "line": 368, "column": 73 } },
      "133": { "start": { "line": 368, "column": 22 }, "end": { "line": 368, "column": 73 } },
      "134": { "start": { "line": 370, "column": 49 }, "end": { "line": 374, "column": 9 } },
      "135": { "start": { "line": 375, "column": 8 }, "end": { "line": 375, "column": 86 } },
      "136": { "start": { "line": 377, "column": 8 }, "end": { "line": 377, "column": 70 } },
      "137": { "start": { "line": 378, "column": 8 }, "end": { "line": 378, "column": 30 } },
      "138": { "start": { "line": 380, "column": 8 }, "end": { "line": 380, "column": 26 } },
      "139": { "start": { "line": 381, "column": 8 }, "end": { "line": 381, "column": 75 } },
      "140": { "start": { "line": 382, "column": 8 }, "end": { "line": 382, "column": 68 } },
      "141": { "start": { "line": 388, "column": 21 }, "end": { "line": 399, "column": 17 } },
      "142": { "start": { "line": 389, "column": 4 }, "end": { "line": 398, "column": 5 } },
      "143": { "start": { "line": 390, "column": 6 }, "end": { "line": 390, "column": 21 } },
      "144": { "start": { "line": 391, "column": 6 }, "end": { "line": 391, "column": 50 } },
      "145": { "start": { "line": 391, "column": 21 }, "end": { "line": 391, "column": 50 } },
      "146": { "start": { "line": 395, "column": 6 }, "end": { "line": 395, "column": 74 } },
      "147": { "start": { "line": 396, "column": 6 }, "end": { "line": 396, "column": 66 } },
      "148": { "start": { "line": 397, "column": 6 }, "end": { "line": 397, "column": 31 } },
      "149": { "start": { "line": 401, "column": 18 }, "end": { "line": 403, "column": 28 } },
      "150": { "start": { "line": 402, "column": 4 }, "end": { "line": 402, "column": 33 } },
      "151": { "start": { "line": 405, "column": 2 }, "end": { "line": 409, "column": 43 } },
      "152": { "start": { "line": 406, "column": 4 }, "end": { "line": 408, "column": 5 } },
      "153": { "start": { "line": 407, "column": 6 }, "end": { "line": 407, "column": 76 } },
      "154": { "start": { "line": 407, "column": 30 }, "end": { "line": 407, "column": 73 } },
      "155": { "start": { "line": 411, "column": 35 }, "end": { "line": 420, "column": 3 } },
      "156": { "start": { "line": 422, "column": 2 }, "end": { "line": 422, "column": 83 } },
      "157": { "start": { "line": 426, "column": 14 }, "end": { "line": 426, "column": 39 } },
      "158": { "start": { "line": 427, "column": 2 }, "end": { "line": 427, "column": 85 } },
      "159": { "start": { "line": 427, "column": 12 }, "end": { "line": 427, "column": 85 } },
      "160": { "start": { "line": 428, "column": 2 }, "end": { "line": 428, "column": 13 } }
    },
    "fnMap": {
      "0": {
        "name": "createWalletConnectAdapter",
        "decl": { "start": { "line": 83, "column": 15 }, "end": { "line": 83, "column": 41 } },
        "loc": { "start": { "line": 83, "column": 72 }, "end": { "line": 185, "column": 1 } },
        "line": 83
      },
      "1": {
        "name": "(anonymous_1)",
        "decl": { "start": { "line": 95, "column": 4 }, "end": { "line": 95, "column": 5 } },
        "loc": { "start": { "line": 95, "column": 42 }, "end": { "line": 133, "column": 5 } },
        "line": 95
      },
      "2": {
        "name": "(anonymous_2)",
        "decl": { "start": { "line": 135, "column": 4 }, "end": { "line": 135, "column": 5 } },
        "loc": { "start": { "line": 135, "column": 23 }, "end": { "line": 142, "column": 5 } },
        "line": 135
      },
      "3": {
        "name": "(anonymous_3)",
        "decl": { "start": { "line": 144, "column": 4 }, "end": { "line": 144, "column": 5 } },
        "loc": { "start": { "line": 144, "column": 25 }, "end": { "line": 147, "column": 5 } },
        "line": 144
      },
      "4": {
        "name": "(anonymous_4)",
        "decl": { "start": { "line": 149, "column": 4 }, "end": { "line": 149, "column": 5 } },
        "loc": { "start": { "line": 149, "column": 24 }, "end": { "line": 151, "column": 5 } },
        "line": 149
      },
      "5": {
        "name": "(anonymous_5)",
        "decl": { "start": { "line": 153, "column": 4 }, "end": { "line": 153, "column": 5 } },
        "loc": { "start": { "line": 153, "column": 56 }, "end": { "line": 168, "column": 5 } },
        "line": 153
      },
      "6": {
        "name": "(anonymous_6)",
        "decl": { "start": { "line": 170, "column": 4 }, "end": { "line": 170, "column": 5 } },
        "loc": { "start": { "line": 170, "column": 90 }, "end": { "line": 181, "column": 5 } },
        "line": 170
      },
      "7": {
        "name": "WalletProvider",
        "decl": { "start": { "line": 205, "column": 16 }, "end": { "line": 205, "column": 30 } },
        "loc": { "start": { "line": 205, "column": 83 }, "end": { "line": 423, "column": 1 } },
        "line": 205
      },
      "8": {
        "name": "(anonymous_8)",
        "decl": { "start": { "line": 217, "column": 4 }, "end": { "line": 217, "column": 5 } },
        "loc": { "start": { "line": 217, "column": 10 }, "end": { "line": 217, "column": 51 } },
        "line": 217
      },
      "9": {
        "name": "(anonymous_9)",
        "decl": { "start": { "line": 220, "column": 12 }, "end": { "line": 220, "column": 13 } },
        "loc": { "start": { "line": 220, "column": 18 }, "end": { "line": 249, "column": 3 } },
        "line": 220
      },
      "10": {
        "name": "(anonymous_10)",
        "decl": { "start": { "line": 223, "column": 17 }, "end": { "line": 223, "column": 18 } },
        "loc": { "start": { "line": 223, "column": 29 }, "end": { "line": 243, "column": 5 } },
        "line": 223
      },
      "11": {
        "name": "(anonymous_11)",
        "decl": { "start": { "line": 246, "column": 11 }, "end": { "line": 246, "column": 12 } },
        "loc": { "start": { "line": 246, "column": 17 }, "end": { "line": 248, "column": 5 } },
        "line": 246
      },
      "12": {
        "name": "(anonymous_12)",
        "decl": { "start": { "line": 251, "column": 41 }, "end": { "line": 251, "column": 42 } },
        "loc": { "start": { "line": 251, "column": 53 }, "end": { "line": 256, "column": 3 } },
        "line": 251
      },
      "13": {
        "name": "(anonymous_13)",
        "decl": { "start": { "line": 258, "column": 46 }, "end": { "line": 258, "column": 47 } },
        "loc": { "start": { "line": 258, "column": 75 }, "end": { "line": 298, "column": 3 } },
        "line": 258
      },
      "14": {
        "name": "(anonymous_14)",
        "decl": { "start": { "line": 300, "column": 43 }, "end": { "line": 300, "column": 44 } },
        "loc": { "start": { "line": 300, "column": 55 }, "end": { "line": 340, "column": 3 } },
        "line": 300
      },
      "15": {
        "name": "(anonymous_15)",
        "decl": { "start": { "line": 342, "column": 12 }, "end": { "line": 342, "column": 13 } },
        "loc": { "start": { "line": 342, "column": 18 }, "end": { "line": 344, "column": 3 } },
        "line": 342
      },
      "16": {
        "name": "(anonymous_16)",
        "decl": { "start": { "line": 347, "column": 4 }, "end": { "line": 347, "column": 5 } },
        "loc": { "start": { "line": 347, "column": 62 }, "end": { "line": 384, "column": 5 } },
        "line": 347
      },
      "17": {
        "name": "(anonymous_17)",
        "decl": { "start": { "line": 388, "column": 33 }, "end": { "line": 388, "column": 34 } },
        "loc": { "start": { "line": 388, "column": 45 }, "end": { "line": 399, "column": 3 } },
        "line": 388
      },
      "18": {
        "name": "(anonymous_18)",
        "decl": { "start": { "line": 401, "column": 30 }, "end": { "line": 401, "column": 31 } },
        "loc": { "start": { "line": 401, "column": 42 }, "end": { "line": 403, "column": 3 } },
        "line": 401
      },
      "19": {
        "name": "(anonymous_19)",
        "decl": { "start": { "line": 405, "column": 12 }, "end": { "line": 405, "column": 13 } },
        "loc": { "start": { "line": 405, "column": 18 }, "end": { "line": 409, "column": 3 } },
        "line": 405
      },
      "20": {
        "name": "(anonymous_20)",
        "decl": { "start": { "line": 407, "column": 16 }, "end": { "line": 407, "column": 17 } },
        "loc": { "start": { "line": 407, "column": 30 }, "end": { "line": 407, "column": 73 } },
        "line": 407
      },
      "21": {
        "name": "useWalletContext",
        "decl": { "start": { "line": 425, "column": 16 }, "end": { "line": 425, "column": 32 } },
        "loc": { "start": { "line": 425, "column": 54 }, "end": { "line": 429, "column": 1 } },
        "line": 425
      }
    },
    "branchMap": {
      "0": {
        "loc": { "start": { "line": 96, "column": 6 }, "end": { "line": 98, "column": 7 } },
        "type": "if",
        "locations": [
          { "start": { "line": 96, "column": 6 }, "end": { "line": 98, "column": 7 } },
          { "start": {}, "end": {} }
        ],
        "line": 96
      },
      "1": {
        "loc": { "start": { "line": 101, "column": 8 }, "end": { "line": 110, "column": 11 } },
        "type": "binary-expr",
        "locations": [
          { "start": { "line": 101, "column": 8 }, "end": { "line": 101, "column": 14 } },
          { "start": { "line": 102, "column": 9 }, "end": { "line": 110, "column": 10 } }
        ],
        "line": 101
      },
      "2": {
        "loc": { "start": { "line": 122, "column": 6 }, "end": { "line": 122, "column": 42 } },
        "type": "if",
        "locations": [
          { "start": { "line": 122, "column": 6 }, "end": { "line": 122, "column": 42 } },
          { "start": {}, "end": {} }
        ],
        "line": 122
      },
      "3": {
        "loc": { "start": { "line": 127, "column": 23 }, "end": { "line": 127, "column": 56 } },
        "type": "binary-expr",
        "locations": [
          { "start": { "line": 127, "column": 23 }, "end": { "line": 127, "column": 48 } },
          { "start": { "line": 127, "column": 52 }, "end": { "line": 127, "column": 56 } }
        ],
        "line": 127
      },
      "4": {
        "loc": { "start": { "line": 130, "column": 6 }, "end": { "line": 130, "column": 93 } },
        "type": "if",
        "locations": [
          { "start": { "line": 130, "column": 6 }, "end": { "line": 130, "column": 93 } },
          { "start": {}, "end": {} }
        ],
        "line": 130
      },
      "5": {
        "loc": { "start": { "line": 136, "column": 6 }, "end": { "line": 138, "column": 7 } },
        "type": "if",
        "locations": [
          { "start": { "line": 136, "column": 6 }, "end": { "line": 138, "column": 7 } },
          { "start": {}, "end": {} }
        ],
        "line": 136
      },
      "6": {
        "loc": { "start": { "line": 136, "column": 10 }, "end": { "line": 136, "column": 25 } },
        "type": "binary-expr",
        "locations": [
          { "start": { "line": 136, "column": 10 }, "end": { "line": 136, "column": 16 } },
          { "start": { "line": 136, "column": 20 }, "end": { "line": 136, "column": 25 } }
        ],
        "line": 136
      },
      "7": {
        "loc": { "start": { "line": 145, "column": 6 }, "end": { "line": 145, "column": 77 } },
        "type": "if",
        "locations": [
          { "start": { "line": 145, "column": 6 }, "end": { "line": 145, "column": 77 } },
          { "start": {}, "end": {} }
        ],
        "line": 145
      },
      "8": {
        "loc": { "start": { "line": 154, "column": 6 }, "end": { "line": 154, "column": 90 } },
        "type": "if",
        "locations": [
          { "start": { "line": 154, "column": 6 }, "end": { "line": 154, "column": 90 } },
          { "start": {}, "end": {} }
        ],
        "line": 154
      },
      "9": {
        "loc": { "start": { "line": 154, "column": 10 }, "end": { "line": 154, "column": 48 } },
        "type": "binary-expr",
        "locations": [
          { "start": { "line": 154, "column": 10 }, "end": { "line": 154, "column": 17 } },
          { "start": { "line": 154, "column": 21 }, "end": { "line": 154, "column": 27 } },
          { "start": { "line": 154, "column": 31 }, "end": { "line": 154, "column": 48 } }
        ],
        "line": 154
      },
      "10": {
        "loc": { "start": { "line": 172, "column": 24 }, "end": { "line": 172, "column": 82 } },
        "type": "binary-expr",
        "locations": [
          { "start": { "line": 172, "column": 24 }, "end": { "line": 172, "column": 43 } },
          { "start": { "line": 172, "column": 47 }, "end": { "line": 172, "column": 64 } },
          { "start": { "line": 172, "column": 68 }, "end": { "line": 172, "column": 82 } }
        ],
        "line": 172
      },
      "11": {
        "loc": { "start": { "line": 173, "column": 6 }, "end": { "line": 173, "column": 86 } },
        "type": "if",
        "locations": [
          { "start": { "line": 173, "column": 6 }, "end": { "line": 173, "column": 86 } },
          { "start": {}, "end": {} }
        ],
        "line": 173
      },
      "12": {
        "loc": { "start": { "line": 176, "column": 36 }, "end": { "line": 176, "column": 76 } },
        "type": "binary-expr",
        "locations": [
          { "start": { "line": 176, "column": 36 }, "end": { "line": 176, "column": 42 } },
          { "start": { "line": 176, "column": 46 }, "end": { "line": 176, "column": 70 } },
          { "start": { "line": 176, "column": 74 }, "end": { "line": 176, "column": 76 } }
        ],
        "line": 176
      },
      "13": {
        "loc": { "start": { "line": 217, "column": 10 }, "end": { "line": 217, "column": 51 } },
        "type": "binary-expr",
        "locations": [
          { "start": { "line": 217, "column": 10 }, "end": { "line": 217, "column": 43 } },
          { "start": { "line": 217, "column": 47 }, "end": { "line": 217, "column": 51 } }
        ],
        "line": 217
      },
      "14": {
        "loc": { "start": { "line": 225, "column": 8 }, "end": { "line": 228, "column": 9 } },
        "type": "if",
        "locations": [
          { "start": { "line": 225, "column": 8 }, "end": { "line": 228, "column": 9 } },
          { "start": {}, "end": {} }
        ],
        "line": 225
      },
      "15": {
        "loc": { "start": { "line": 230, "column": 8 }, "end": { "line": 236, "column": 9 } },
        "type": "if",
        "locations": [
          { "start": { "line": 230, "column": 8 }, "end": { "line": 236, "column": 9 } },
          { "start": {}, "end": {} }
        ],
        "line": 230
      },
      "16": {
        "loc": { "start": { "line": 238, "column": 8 }, "end": { "line": 241, "column": 9 } },
        "type": "if",
        "locations": [
          { "start": { "line": 238, "column": 8 }, "end": { "line": 241, "column": 9 } },
          { "start": {}, "end": {} }
        ],
        "line": 238
      },
      "17": {
        "loc": { "start": { "line": 262, "column": 6 }, "end": { "line": 262, "column": 88 } },
        "type": "cond-expr",
        "locations": [
          { "start": { "line": 262, "column": 52 }, "end": { "line": 262, "column": 81 } },
          { "start": { "line": 262, "column": 84 }, "end": { "line": 262, "column": 88 } }
        ],
        "line": 262
      },
      "18": {
        "loc": { "start": { "line": 264, "column": 4 }, "end": { "line": 264, "column": 66 } },
        "type": "if",
        "locations": [
          { "start": { "line": 264, "column": 4 }, "end": { "line": 264, "column": 66 } },
          { "start": {}, "end": {} }
        ],
        "line": 264
      },
      "19": {
        "loc": { "start": { "line": 266, "column": 4 }, "end": { "line": 277, "column": 5 } },
        "type": "if",
        "locations": [
          { "start": { "line": 266, "column": 4 }, "end": { "line": 277, "column": 5 } },
          { "start": {}, "end": {} }
        ],
        "line": 266
      },
      "20": {
        "loc": { "start": { "line": 268, "column": 6 }, "end": { "line": 268, "column": 52 } },
        "type": "if",
        "locations": [
          { "start": { "line": 268, "column": 6 }, "end": { "line": 268, "column": 52 } },
          { "start": {}, "end": {} }
        ],
        "line": 268
      },
      "21": {
        "loc": { "start": { "line": 269, "column": 6 }, "end": { "line": 276, "column": 7 } },
        "type": "if",
        "locations": [
          { "start": { "line": 269, "column": 6 }, "end": { "line": 276, "column": 7 } },
          { "start": {}, "end": {} }
        ],
        "line": 269
      },
      "22": {
        "loc": { "start": { "line": 270, "column": 8 }, "end": { "line": 273, "column": 42 } },
        "type": "binary-expr",
        "locations": [
          { "start": { "line": 270, "column": 8 }, "end": { "line": 270, "column": 14 } },
          { "start": { "line": 271, "column": 8 }, "end": { "line": 271, "column": 34 } },
          { "start": { "line": 272, "column": 8 }, "end": { "line": 272, "column": 27 } },
          { "start": { "line": 273, "column": 8 }, "end": { "line": 273, "column": 42 } }
        ],
        "line": 270
      },
      "23": {
        "loc": { "start": { "line": 279, "column": 4 }, "end": { "line": 282, "column": 5 } },
        "type": "if",
        "locations": [
          { "start": { "line": 279, "column": 4 }, "end": { "line": 282, "column": 5 } },
          { "start": {}, "end": {} }
        ],
        "line": 279
      },
      "24": {
        "loc": { "start": { "line": 281, "column": 6 }, "end": { "line": 281, "column": 58 } },
        "type": "if",
        "locations": [
          { "start": { "line": 281, "column": 6 }, "end": { "line": 281, "column": 58 } },
          { "start": {}, "end": {} }
        ],
        "line": 281
      },
      "25": {
        "loc": { "start": { "line": 284, "column": 4 }, "end": { "line": 295, "column": 5 } },
        "type": "if",
        "locations": [
          { "start": { "line": 284, "column": 4 }, "end": { "line": 295, "column": 5 } },
          { "start": {}, "end": {} }
        ],
        "line": 284
      },
      "26": {
        "loc": { "start": { "line": 286, "column": 6 }, "end": { "line": 286, "column": 52 } },
        "type": "if",
        "locations": [
          { "start": { "line": 286, "column": 6 }, "end": { "line": 286, "column": 52 } },
          { "start": {}, "end": {} }
        ],
        "line": 286
      },
      "27": {
        "loc": { "start": { "line": 287, "column": 6 }, "end": { "line": 294, "column": 7 } },
        "type": "if",
        "locations": [
          { "start": { "line": 287, "column": 6 }, "end": { "line": 294, "column": 7 } },
          { "start": {}, "end": {} }
        ],
        "line": 287
      },
      "28": {
        "loc": { "start": { "line": 288, "column": 8 }, "end": { "line": 291, "column": 42 } },
        "type": "binary-expr",
        "locations": [
          { "start": { "line": 288, "column": 8 }, "end": { "line": 288, "column": 14 } },
          { "start": { "line": 289, "column": 8 }, "end": { "line": 289, "column": 34 } },
          { "start": { "line": 290, "column": 8 }, "end": { "line": 290, "column": 27 } },
          { "start": { "line": 291, "column": 8 }, "end": { "line": 291, "column": 42 } }
        ],
        "line": 288
      },
      "29": {
        "loc": { "start": { "line": 301, "column": 4 }, "end": { "line": 301, "column": 27 } },
        "type": "if",
        "locations": [
          { "start": { "line": 301, "column": 4 }, "end": { "line": 301, "column": 27 } },
          { "start": {}, "end": {} }
        ],
        "line": 301
      },
      "30": {
        "loc": { "start": { "line": 310, "column": 6 }, "end": { "line": 332, "column": 7 } },
        "type": "if",
        "locations": [
          { "start": { "line": 310, "column": 6 }, "end": { "line": 332, "column": 7 } },
          { "start": {}, "end": {} }
        ],
        "line": 310
      },
      "31": {
        "loc": { "start": { "line": 310, "column": 10 }, "end": { "line": 310, "column": 37 } },
        "type": "binary-expr",
        "locations": [
          { "start": { "line": 310, "column": 10 }, "end": { "line": 310, "column": 23 } },
          { "start": { "line": 310, "column": 27 }, "end": { "line": 310, "column": 37 } }
        ],
        "line": 310
      },
      "32": {
        "loc": { "start": { "line": 311, "column": 37 }, "end": { "line": 313, "column": 34 } },
        "type": "cond-expr",
        "locations": [
          { "start": { "line": 312, "column": 12 }, "end": { "line": 312, "column": 41 } },
          { "start": { "line": 313, "column": 12 }, "end": { "line": 313, "column": 34 } }
        ],
        "line": 311
      },
      "33": {
        "loc": { "start": { "line": 315, "column": 8 }, "end": { "line": 329, "column": 9 } },
        "type": "if",
        "locations": [
          { "start": { "line": 315, "column": 8 }, "end": { "line": 329, "column": 9 } },
          { "start": {}, "end": {} }
        ],
        "line": 315
      },
      "34": {
        "loc": { "start": { "line": 316, "column": 41 }, "end": { "line": 318, "column": 27 } },
        "type": "cond-expr",
        "locations": [
          { "start": { "line": 317, "column": 14 }, "end": { "line": 317, "column": 44 } },
          { "start": { "line": 318, "column": 14 }, "end": { "line": 318, "column": 27 } }
        ],
        "line": 316
      },
      "35": {
        "loc": { "start": { "line": 320, "column": 10 }, "end": { "line": 328, "column": 11 } },
        "type": "if",
        "locations": [
          { "start": { "line": 320, "column": 10 }, "end": { "line": 328, "column": 11 } },
          { "start": {}, "end": {} }
        ],
        "line": 320
      },
      "36": {
        "loc": { "start": { "line": 338, "column": 15 }, "end": { "line": 338, "column": 67 } },
        "type": "cond-expr",
        "locations": [
          { "start": { "line": 338, "column": 38 }, "end": { "line": 338, "column": 49 } },
          { "start": { "line": 338, "column": 52 }, "end": { "line": 338, "column": 67 } }
        ],
        "line": 338
      },
      "37": {
        "loc": { "start": { "line": 343, "column": 4 }, "end": { "line": 343, "column": 42 } },
        "type": "if",
        "locations": [
          { "start": { "line": 343, "column": 4 }, "end": { "line": 343, "column": 42 } },
          { "start": {}, "end": {} }
        ],
        "line": 343
      },
      "38": {
        "loc": { "start": { "line": 347, "column": 11 }, "end": { "line": 347, "column": 57 } },
        "type": "default-arg",
        "locations": [
          { "start": { "line": 347, "column": 42 }, "end": { "line": 347, "column": 57 } }
        ],
        "line": 347
      },
      "39": {
        "loc": { "start": { "line": 354, "column": 8 }, "end": { "line": 366, "column": 9 } },
        "type": "if",
        "locations": [
          { "start": { "line": 354, "column": 8 }, "end": { "line": 366, "column": 9 } },
          { "start": { "line": 356, "column": 15 }, "end": { "line": 366, "column": 9 } }
        ],
        "line": 354
      },
      "40": {
        "loc": { "start": { "line": 357, "column": 10 }, "end": { "line": 357, "column": 76 } },
        "type": "if",
        "locations": [
          { "start": { "line": 357, "column": 10 }, "end": { "line": 357, "column": 76 } },
          { "start": {}, "end": {} }
        ],
        "line": 357
      },
      "41": {
        "loc": { "start": { "line": 361, "column": 20 }, "end": { "line": 361, "column": 62 } },
        "type": "binary-expr",
        "locations": [
          { "start": { "line": 361, "column": 20 }, "end": { "line": 361, "column": 36 } },
          { "start": { "line": 361, "column": 40 }, "end": { "line": 361, "column": 54 } },
          { "start": { "line": 361, "column": 58 }, "end": { "line": 361, "column": 62 } }
        ],
        "line": 361
      },
      "42": {
        "loc": { "start": { "line": 363, "column": 10 }, "end": { "line": 365, "column": 11 } },
        "type": "if",
        "locations": [
          { "start": { "line": 363, "column": 10 }, "end": { "line": 365, "column": 11 } },
          { "start": {}, "end": {} }
        ],
        "line": 363
      },
      "43": {
        "loc": { "start": { "line": 368, "column": 8 }, "end": { "line": 368, "column": 73 } },
        "type": "if",
        "locations": [
          { "start": { "line": 368, "column": 8 }, "end": { "line": 368, "column": 73 } },
          { "start": {}, "end": {} }
        ],
        "line": 368
      },
      "44": {
        "loc": { "start": { "line": 381, "column": 17 }, "end": { "line": 381, "column": 73 } },
        "type": "cond-expr",
        "locations": [
          { "start": { "line": 381, "column": 40 }, "end": { "line": 381, "column": 51 } },
          { "start": { "line": 381, "column": 54 }, "end": { "line": 381, "column": 73 } }
        ],
        "line": 381
      },
      "45": {
        "loc": { "start": { "line": 391, "column": 6 }, "end": { "line": 391, "column": 50 } },
        "type": "if",
        "locations": [
          { "start": { "line": 391, "column": 6 }, "end": { "line": 391, "column": 50 } },
          { "start": {}, "end": {} }
        ],
        "line": 391
      },
      "46": {
        "loc": { "start": { "line": 406, "column": 4 }, "end": { "line": 408, "column": 5 } },
        "type": "if",
        "locations": [
          { "start": { "line": 406, "column": 4 }, "end": { "line": 408, "column": 5 } },
          { "start": {}, "end": {} }
        ],
        "line": 406
      },
      "47": {
        "loc": { "start": { "line": 427, "column": 2 }, "end": { "line": 427, "column": 85 } },
        "type": "if",
        "locations": [
          { "start": { "line": 427, "column": 2 }, "end": { "line": 427, "column": 85 } },
          { "start": {}, "end": {} }
        ],
        "line": 427
      }
    },
    "s": {
      "0": 0,
      "1": 0,
      "2": 0,
      "3": 0,
      "4": 0,
      "5": 0,
      "6": 0,
      "7": 0,
      "8": 0,
      "9": 0,
      "10": 0,
      "11": 0,
      "12": 0,
      "13": 0,
      "14": 0,
      "15": 0,
      "16": 0,
      "17": 0,
      "18": 0,
      "19": 0,
      "20": 0,
      "21": 0,
      "22": 0,
      "23": 0,
      "24": 0,
      "25": 0,
      "26": 0,
      "27": 0,
      "28": 0,
      "29": 0,
      "30": 0,
      "31": 0,
      "32": 0,
      "33": 0,
      "34": 0,
      "35": 0,
      "36": 0,
      "37": 0,
      "38": 0,
      "39": 0,
      "40": 0,
      "41": 0,
      "42": 0,
      "43": 0,
      "44": 0,
      "45": 1,
      "46": 61,
      "47": 61,
      "48": 61,
      "49": 61,
      "50": 61,
      "51": 61,
      "52": 11,
      "53": 61,
      "54": 11,
      "55": 11,
      "56": 11,
      "57": 11,
      "58": 11,
      "59": 11,
      "60": 0,
      "61": 0,
      "62": 0,
      "63": 0,
      "64": 0,
      "65": 0,
      "66": 0,
      "67": 11,
      "68": 11,
      "69": 11,
      "70": 61,
      "71": 0,
      "72": 0,
      "73": 61,
      "74": 0,
      "75": 0,
      "76": 0,
      "77": 0,
      "78": 0,
      "79": 0,
      "80": 0,
      "81": 0,
      "82": 0,
      "83": 0,
      "84": 0,
      "85": 0,
      "86": 0,
      "87": 0,
      "88": 0,
      "89": 0,
      "90": 0,
      "91": 0,
      "92": 0,
      "93": 0,
      "94": 0,
      "95": 61,
      "96": 11,
      "97": 0,
      "98": 11,
      "99": 11,
      "100": 11,
      "101": 11,
      "102": 11,
      "103": 11,
      "104": 5,
      "105": 5,
      "106": 4,
      "107": 4,
      "108": 4,
      "109": 4,
      "110": 4,
      "111": 1,
      "112": 7,
      "113": 7,
      "114": 0,
      "115": 0,
      "116": 61,
      "117": 11,
      "118": 11,
      "119": 61,
      "120": 6,
      "121": 6,
      "122": 6,
      "123": 6,
      "124": 6,
      "125": 0,
      "126": 6,
      "127": 0,
      "128": 6,
      "129": 3,
      "130": 3,
      "131": 3,
      "132": 2,
      "133": 0,
      "134": 2,
      "135": 2,
      "136": 2,
      "137": 2,
      "138": 4,
      "139": 4,
      "140": 4,
      "141": 61,
      "142": 2,
      "143": 2,
      "144": 2,
      "145": 2,
      "146": 2,
      "147": 2,
      "148": 2,
      "149": 61,
      "150": 0,
      "151": 61,
      "152": 18,
      "153": 6,
      "154": 6,
      "155": 61,
      "156": 61,
      "157": 58,
      "158": 58,
      "159": 0,
      "160": 58
    },
    "f": {
      "0": 0,
      "1": 0,
      "2": 0,
      "3": 0,
      "4": 0,
      "5": 0,
      "6": 0,
      "7": 61,
      "8": 11,
      "9": 11,
      "10": 11,
      "11": 11,
      "12": 0,
      "13": 0,
      "14": 11,
      "15": 11,
      "16": 6,
      "17": 2,
      "18": 0,
      "19": 18,
      "20": 6,
      "21": 58
    },
    "b": {
      "0": [0, 0],
      "1": [0, 0],
      "2": [0, 0],
      "3": [0, 0],
      "4": [0, 0],
      "5": [0, 0],
      "6": [0, 0],
      "7": [0, 0],
      "8": [0, 0],
      "9": [0, 0, 0],
      "10": [0, 0, 0],
      "11": [0, 0],
      "12": [0, 0, 0],
      "13": [11, 0],
      "14": [11, 0],
      "15": [0, 0],
      "16": [0, 0],
      "17": [0, 0],
      "18": [0, 0],
      "19": [0, 0],
      "20": [0, 0],
      "21": [0, 0],
      "22": [0, 0, 0, 0],
      "23": [0, 0],
      "24": [0, 0],
      "25": [0, 0],
      "26": [0, 0],
      "27": [0, 0],
      "28": [0, 0, 0, 0],
      "29": [0, 11],
      "30": [5, 6],
      "31": [11, 5],
      "32": [5, 0],
      "33": [4, 1],
      "34": [4, 0],
      "35": [4, 0],
      "36": [0, 0],
      "37": [11, 0],
      "38": [6],
      "39": [0, 6],
      "40": [0, 6],
      "41": [3, 0, 0],
      "42": [3, 0],
      "43": [0, 2],
      "44": [4, 0],
      "45": [2, 0],
      "46": [6, 12],
      "47": [0, 58]
    },
    "_coverageSchema": "1a1c01bbd47fc00a2c39e90264f33305004495a9",
    "hash": "122516aa6446a4c4df6526d7754a466867f1d0c3"
  },
  "/Users/user/Linkora-social/apps/mobile/hooks/useWallet.ts": {
    "path": "/Users/user/Linkora-social/apps/mobile/hooks/useWallet.ts",
    "statementMap": {
      "0": { "start": { "line": 42, "column": 4 }, "end": { "line": 42, "column": 22 } },
      "1": { "start": { "line": 44, "column": 2 }, "end": { "line": 55, "column": 4 } }
    },
    "fnMap": {
      "0": {
        "name": "useWallet",
        "decl": { "start": { "line": 40, "column": 16 }, "end": { "line": 40, "column": 25 } },
        "loc": { "start": { "line": 40, "column": 45 }, "end": { "line": 56, "column": 1 } },
        "line": 40
      }
    },
    "branchMap": {},
    "s": { "0": 58, "1": 58 },
    "f": { "0": 58 },
    "b": {},
    "_coverageSchema": "1a1c01bbd47fc00a2c39e90264f33305004495a9",
    "hash": "37562fac845d170218ba59eafd974a3e61da1659"
  },
  "/Users/user/Linkora-social/apps/mobile/utils/secureStorage.js": {
    "path": "/Users/user/Linkora-social/apps/mobile/utils/secureStorage.js",
    "statementMap": {
      "0": { "start": { "line": 1, "column": 20 }, "end": { "line": 1, "column": 48 } },
      "1": { "start": { "line": 3, "column": 19 }, "end": { "line": 7, "column": 1 } },
      "2": { "start": { "line": 10, "column": 20 }, "end": { "line": 10, "column": 41 } },
      "3": { "start": { "line": 11, "column": 4 }, "end": { "line": 11, "column": 110 } },
      "4": { "start": { "line": 15, "column": 17 }, "end": { "line": 15, "column": 52 } },
      "5": { "start": { "line": 16, "column": 4 }, "end": { "line": 16, "column": 26 } },
      "6": { "start": { "line": 16, "column": 15 }, "end": { "line": 16, "column": 26 } },
      "7": { "start": { "line": 17, "column": 4 }, "end": { "line": 21, "column": 5 } },
      "8": { "start": { "line": 18, "column": 8 }, "end": { "line": 18, "column": 31 } },
      "9": { "start": { "line": 20, "column": 8 }, "end": { "line": 20, "column": 19 } },
      "10": { "start": { "line": 25, "column": 4 }, "end": { "line": 25, "column": 43 } },
      "11": { "start": { "line": 29, "column": 4 }, "end": { "line": 29, "column": 53 } },
      "12": { "start": { "line": 33, "column": 4 }, "end": { "line": 33, "column": 44 } },
      "13": { "start": { "line": 37, "column": 4 }, "end": { "line": 37, "column": 47 } },
      "14": { "start": { "line": 41, "column": 4 }, "end": { "line": 41, "column": 53 } },
      "15": { "start": { "line": 45, "column": 4 }, "end": { "line": 45, "column": 46 } },
      "16": { "start": { "line": 49, "column": 4 }, "end": { "line": 49, "column": 49 } },
      "17": { "start": { "line": 52, "column": 22 }, "end": { "line": 56, "column": 1 } },
      "18": { "start": { "line": 58, "column": 0 }, "end": { "line": 70, "column": 1 } }
    },
    "fnMap": {
      "0": {
        "name": "setItem",
        "decl": { "start": { "line": 9, "column": 15 }, "end": { "line": 9, "column": 22 } },
        "loc": { "start": { "line": 9, "column": 35 }, "end": { "line": 12, "column": 1 } },
        "line": 9
      },
      "1": {
        "name": "getItem",
        "decl": { "start": { "line": 14, "column": 15 }, "end": { "line": 14, "column": 22 } },
        "loc": { "start": { "line": 14, "column": 28 }, "end": { "line": 22, "column": 1 } },
        "line": 14
      },
      "2": {
        "name": "deleteItem",
        "decl": { "start": { "line": 24, "column": 15 }, "end": { "line": 24, "column": 25 } },
        "loc": { "start": { "line": 24, "column": 31 }, "end": { "line": 26, "column": 1 } },
        "line": 24
      },
      "3": {
        "name": "setWalletAddress",
        "decl": { "start": { "line": 28, "column": 15 }, "end": { "line": 28, "column": 31 } },
        "loc": { "start": { "line": 28, "column": 41 }, "end": { "line": 30, "column": 1 } },
        "line": 28
      },
      "4": {
        "name": "getWalletAddress",
        "decl": { "start": { "line": 32, "column": 15 }, "end": { "line": 32, "column": 31 } },
        "loc": { "start": { "line": 32, "column": 34 }, "end": { "line": 34, "column": 1 } },
        "line": 32
      },
      "5": {
        "name": "deleteWalletAddress",
        "decl": { "start": { "line": 36, "column": 15 }, "end": { "line": 36, "column": 34 } },
        "loc": { "start": { "line": 36, "column": 37 }, "end": { "line": 38, "column": 1 } },
        "line": 36
      },
      "6": {
        "name": "setConnectionState",
        "decl": { "start": { "line": 40, "column": 15 }, "end": { "line": 40, "column": 33 } },
        "loc": { "start": { "line": 40, "column": 41 }, "end": { "line": 42, "column": 1 } },
        "line": 40
      },
      "7": {
        "name": "getConnectionState",
        "decl": { "start": { "line": 44, "column": 15 }, "end": { "line": 44, "column": 33 } },
        "loc": { "start": { "line": 44, "column": 36 }, "end": { "line": 46, "column": 1 } },
        "line": 44
      },
      "8": {
        "name": "deleteConnectionState",
        "decl": { "start": { "line": 48, "column": 15 }, "end": { "line": 48, "column": 36 } },
        "loc": { "start": { "line": 48, "column": 39 }, "end": { "line": 50, "column": 1 } },
        "line": 48
      }
    },
    "branchMap": {
      "0": {
        "loc": { "start": { "line": 16, "column": 4 }, "end": { "line": 16, "column": 26 } },
        "type": "if",
        "locations": [
          { "start": { "line": 16, "column": 4 }, "end": { "line": 16, "column": 26 } },
          { "start": {}, "end": {} }
        ],
        "line": 16
      }
    },
    "s": {
      "0": 1,
      "1": 1,
      "2": 12,
      "3": 12,
      "4": 28,
      "5": 28,
      "6": 16,
      "7": 12,
      "8": 12,
      "9": 0,
      "10": 6,
      "11": 6,
      "12": 15,
      "13": 3,
      "14": 6,
      "15": 13,
      "16": 3,
      "17": 1,
      "18": 1
    },
    "f": { "0": 12, "1": 28, "2": 6, "3": 6, "4": 15, "5": 3, "6": 6, "7": 13, "8": 3 },
    "b": { "0": [16, 12] },
    "_coverageSchema": "1a1c01bbd47fc00a2c39e90264f33305004495a9",
    "hash": "cc235c7637fb56eae9c8f527f8b1c3aa092bce8b"
  }
}
