TN:
SF:context/WalletContext.tsx
FN:83,createWalletConnectAdapter
FN:95,(anonymous_1)
FN:135,(anonymous_2)
FN:144,(anonymous_3)
FN:149,(anonymous_4)
FN:153,(anonymous_5)
FN:170,(anonymous_6)
FN:205,WalletProvider
FN:217,(anonymous_8)
FN:220,(anonymous_9)
FN:223,(anonymous_10)
FN:246,(anonymous_11)
FN:251,(anonymous_12)
FN:258,(anonymous_13)
FN:300,(anonymous_14)
FN:342,(anonymous_15)
FN:347,(anonymous_16)
FN:388,(anonymous_17)
FN:401,(anonymous_18)
FN:405,(anonymous_19)
FN:407,(anonymous_20)
FN:425,useWalletContext
FNF:22
FNH:12
FNDA:0,createWalletConnectAdapter
FNDA:0,(anonymous_1)
FNDA:0,(anonymous_2)
FNDA:0,(anonymous_3)
FNDA:0,(anonymous_4)
FNDA:0,(anonymous_5)
FNDA:0,(anonymous_6)
FNDA:61,WalletProvider
FNDA:11,(anonymous_8)
FNDA:11,(anonymous_9)
FNDA:11,(anonymous_10)
FNDA:11,(anonymous_11)
FNDA:0,(anonymous_12)
FNDA:0,(anonymous_13)
FNDA:11,(anonymous_14)
FNDA:11,(anonymous_15)
FNDA:6,(anonymous_16)
FNDA:2,(anonymous_17)
FNDA:0,(anonymous_18)
FNDA:18,(anonymous_19)
FNDA:6,(anonymous_20)
FNDA:58,useWalletContext
DA:84,0
DA:86,0
DA:88,0
DA:89,0
DA:90,0
DA:91,0
DA:92,0
DA:94,0
DA:96,0
DA:97,0
DA:100,0
DA:112,0
DA:122,0
DA:124,0
DA:125,0
DA:126,0
DA:127,0
DA:128,0
DA:130,0
DA:132,0
DA:136,0
DA:137,0
DA:139,0
DA:140,0
DA:141,0
DA:145,0
DA:146,0
DA:150,0
DA:154,0
DA:156,0
DA:166,0
DA:167,0
DA:171,0
DA:172,0
DA:173,0
DA:175,0
DA:176,0
DA:177,0
DA:180,0
DA:184,0
DA:203,1
DA:206,61
DA:207,61
DA:208,61
DA:209,61
DA:214,61
DA:216,61
DA:217,11
DA:220,61
DA:221,11
DA:223,11
DA:224,11
DA:225,11
DA:226,11
DA:227,11
DA:230,0
DA:231,0
DA:234,0
DA:235,0
DA:238,0
DA:239,0
DA:240,0
DA:245,11
DA:246,11
DA:247,11
DA:251,61
DA:252,0
DA:255,0
DA:258,61
DA:259,0
DA:262,0
DA:264,0
DA:266,0
DA:267,0
DA:268,0
DA:269,0
DA:275,0
DA:279,0
DA:280,0
DA:281,0
DA:284,0
DA:285,0
DA:286,0
DA:287,0
DA:293,0
DA:297,0
DA:300,61
DA:301,11
DA:303,11
DA:304,11
DA:305,11
DA:307,11
DA:308,11
DA:310,11
DA:311,5
DA:315,5
DA:316,4
DA:320,4
DA:321,4
DA:326,4
DA:327,4
DA:331,1
DA:334,7
DA:335,7
DA:337,0
DA:338,0
DA:342,61
DA:343,11
DA:346,61
DA:348,6
DA:349,6
DA:350,6
DA:352,6
DA:354,6
DA:355,0
DA:357,6
DA:360,6
DA:361,3
DA:363,3
DA:364,3
DA:368,2
DA:370,2
DA:375,2
DA:377,2
DA:378,2
DA:380,4
DA:381,4
DA:382,4
DA:388,61
DA:389,2
DA:390,2
DA:391,2
DA:395,2
DA:396,2
DA:397,2
DA:401,61
DA:402,0
DA:405,61
DA:406,18
DA:407,6
DA:411,61
DA:422,61
DA:426,58
DA:427,58
DA:428,58
LF:145
LH:75
BRDA:96,0,0,0
BRDA:96,0,1,0
BRDA:101,1,0,0
BRDA:101,1,1,0
BRDA:122,2,0,0
BRDA:122,2,1,0
BRDA:127,3,0,0
BRDA:127,3,1,0
BRDA:130,4,0,0
BRDA:130,4,1,0
BRDA:136,5,0,0
BRDA:136,5,1,0
BRDA:136,6,0,0
BRDA:136,6,1,0
BRDA:145,7,0,0
BRDA:145,7,1,0
BRDA:154,8,0,0
BRDA:154,8,1,0
BRDA:154,9,0,0
BRDA:154,9,1,0
BRDA:154,9,2,0
BRDA:172,10,0,0
BRDA:172,10,1,0
BRDA:172,10,2,0
BRDA:173,11,0,0
BRDA:173,11,1,0
BRDA:176,12,0,0
BRDA:176,12,1,0
BRDA:176,12,2,0
BRDA:217,13,0,11
BRDA:217,13,1,0
BRDA:225,14,0,11
BRDA:225,14,1,0
BRDA:230,15,0,0
BRDA:230,15,1,0
BRDA:238,16,0,0
BRDA:238,16,1,0
BRDA:262,17,0,0
BRDA:262,17,1,0
BRDA:264,18,0,0
BRDA:264,18,1,0
BRDA:266,19,0,0
BRDA:266,19,1,0
BRDA:268,20,0,0
BRDA:268,20,1,0
BRDA:269,21,0,0
BRDA:269,21,1,0
BRDA:270,22,0,0
BRDA:270,22,1,0
BRDA:270,22,2,0
BRDA:270,22,3,0
BRDA:279,23,0,0
BRDA:279,23,1,0
BRDA:281,24,0,0
BRDA:281,24,1,0
BRDA:284,25,0,0
BRDA:284,25,1,0
BRDA:286,26,0,0
BRDA:286,26,1,0
BRDA:287,27,0,0
BRDA:287,27,1,0
BRDA:288,28,0,0
BRDA:288,28,1,0
BRDA:288,28,2,0
BRDA:288,28,3,0
BRDA:301,29,0,0
BRDA:301,29,1,11
BRDA:310,30,0,5
BRDA:310,30,1,6
BRDA:310,31,0,11
BRDA:310,31,1,5
BRDA:311,32,0,5
BRDA:311,32,1,0
BRDA:315,33,0,4
BRDA:315,33,1,1
BRDA:316,34,0,4
BRDA:316,34,1,0
BRDA:320,35,0,4
BRDA:320,35,1,0
BRDA:338,36,0,0
BRDA:338,36,1,0
BRDA:343,37,0,11
BRDA:343,37,1,0
BRDA:347,38,0,6
BRDA:354,39,0,0
BRDA:354,39,1,6
BRDA:357,40,0,0
BRDA:357,40,1,6
BRDA:361,41,0,3
BRDA:361,41,1,0
BRDA:361,41,2,0
BRDA:363,42,0,3
BRDA:363,42,1,0
BRDA:368,43,0,0
BRDA:368,43,1,2
BRDA:381,44,0,4
BRDA:381,44,1,0
BRDA:391,45,0,2
BRDA:391,45,1,0
BRDA:406,46,0,6
BRDA:406,46,1,12
BRDA:427,47,0,0
BRDA:427,47,1,58
BRF:103
BRH:24
end_of_record
TN:
SF:hooks/useWallet.ts
FN:40,useWallet
FNF:1
FNH:1
FNDA:58,useWallet
DA:42,58
DA:44,58
LF:2
LH:2
BRF:0
BRH:0
end_of_record
TN:
SF:utils/secureStorage.js
FN:9,setItem
FN:14,getItem
FN:24,deleteItem
FN:28,setWalletAddress
FN:32,getWalletAddress
FN:36,deleteWalletAddress
FN:40,setConnectionState
FN:44,getConnectionState
FN:48,deleteConnectionState
FNF:9
FNH:9
FNDA:12,setItem
FNDA:28,getItem
FNDA:6,deleteItem
FNDA:6,setWalletAddress
FNDA:15,getWalletAddress
FNDA:3,deleteWalletAddress
FNDA:6,setConnectionState
FNDA:13,getConnectionState
FNDA:3,deleteConnectionState
DA:1,1
DA:3,1
DA:10,12
DA:11,12
DA:15,28
DA:16,28
DA:17,12
DA:18,12
DA:20,0
DA:25,6
DA:29,6
DA:33,15
DA:37,3
DA:41,6
DA:45,13
DA:49,3
DA:52,1
DA:58,1
LF:18
LH:17
BRDA:16,0,0,16
BRDA:16,0,1,12
BRF:2
BRH:2
end_of_record
